[2024-12-18 18:52:22] INFO: News Sentinel started.
[2024-12-18 18:52:22] INFO: Fetching articles from The New York Times
[2024-12-18 18:52:23] INFO: Fetching articles from BBC News
[2024-12-18 18:52:23] INFO: Fetching articles from TechCrunch
[2024-12-18 18:52:24] INFO: Fetching articles from Reuters
[2024-12-18 18:52:24] ERROR: Failed to fetch RSS feed after 3 attempts: https://www.reuters.com
[2024-12-18 18:52:24] WARNING: No articles fetched from Reuters
[2024-12-18 18:52:24] INFO: Fetching articles from The Guardian
[2024-12-18 18:52:30] ERROR: Failed to fetch RSS feed after 3 attempts: https://www.theguardian.com
[2024-12-18 18:52:30] WARNING: No articles fetched from The Guardian
[2024-12-18 18:52:30] INFO: Fetching articles from Blavity
[2024-12-18 18:52:33] ERROR: Failed to fetch RSS feed after 3 attempts: https://blavity.com
[2024-12-18 18:52:33] WARNING: No articles fetched from Blavity
[2024-12-18 18:52:33] INFO: Fetching articles from Black Enterprise
[2024-12-18 18:52:36] ERROR: Failed to fetch RSS feed after 3 attempts: https://www.blackenterprise.com
[2024-12-18 18:52:36] WARNING: No articles fetched from Black Enterprise
[2024-12-18 18:52:37] INFO: Fetching articles from MIT Technology Review
[2024-12-18 18:52:41] ERROR: Failed to fetch RSS feed after 3 attempts: https://www.technologyreview.com
[2024-12-18 18:52:41] WARNING: No articles fetched from MIT Technology Review
[2024-12-18 18:52:41] INFO: Fetching articles from Popular Science
[2024-12-18 18:52:44] ERROR: Failed to fetch RSS feed after 3 attempts: https://www.popsci.com
[2024-12-18 18:52:44] WARNING: No articles fetched from Popular Science
[2024-12-18 18:52:44] INFO: Fetching articles from Nature
[2024-12-18 18:52:45] ERROR: Failed to fetch RSS feed after 3 attempts: https://www.nature.com
[2024-12-18 18:52:45] WARNING: No articles fetched from Nature
[2024-12-18 18:52:45] INFO: Fetching articles from Complex
[2024-12-18 18:52:47] ERROR: Failed to fetch RSS feed after 3 attempts: https://www.complex.com
[2024-12-18 18:52:47] WARNING: No articles fetched from Complex
[2024-12-18 18:52:47] INFO: Fetching articles from Vibe
[2024-12-18 18:52:48] ERROR: Failed to fetch RSS feed after 3 attempts: https://www.vibe.com
[2024-12-18 18:52:48] WARNING: No articles fetched from Vibe
[2024-12-18 18:52:48] INFO: Fetching articles from OkayAfrica
[2024-12-18 18:52:50] ERROR: Failed to fetch RSS feed after 3 attempts: https://www.okayafrica.com
[2024-12-18 18:52:50] WARNING: No articles fetched from OkayAfrica
[2024-12-18 18:52:50] INFO: Fetching articles from Semafor
[2024-12-18 18:52:52] ERROR: Failed to fetch RSS feed after 3 attempts: https://www.semafor.com
[2024-12-18 18:52:52] WARNING: No articles fetched from Semafor
[2024-12-18 18:52:53] INFO: Saved 106 articles to news_20241218_185253.csv
