[2024-12-22 19:24:30] INFO: ====== WebDriver manager ======
[2024-12-22 19:24:33] INFO: Get LATEST chromedriver version for google-chrome
[2024-12-22 19:24:33] INFO: Get LATEST chromedriver version for google-chrome
[2024-12-22 19:24:33] INFO: Driver [C:\Users\miker\.wdm\drivers\chromedriver\win64\131.0.6778.204\chromedriver-win32/chromedriver.exe] found in cache
[2024-12-22 19:24:33] INFO: News Sentinel started.
[2024-12-22 19:24:38] INFO: Scraping articles from dynamic site: https://thegrio.com/
[2024-12-22 19:24:41] INFO: Accessed https://thegrio.com/, page title: Black News, Lifestyle and Opinion - TheGrio
[2024-12-22 19:24:48] INFO: Found 4 articles from https://thegrio.com/
[2024-12-22 19:24:48] INFO: Scraping articles from dynamic site: https://www.theroot.com/
[2024-12-22 19:26:50] ERROR: Attempt 1 failed for https://www.theroot.com/: HTTPConnectionPool(host='localhost', port=57104): Read timed out. (read timeout=120)
[2024-12-22 19:27:25] INFO: Accessed https://www.theroot.com/, page title: The Root | Black News and Black Views with a Whole Lotta Attitude
[2024-12-22 19:27:36] INFO: Found 0 articles from https://www.theroot.com/
[2024-12-22 19:27:36] INFO: Scraping articles from dynamic site: https://www.blackenterprise.com/
[2024-12-22 19:29:36] ERROR: Attempt 1 failed for https://www.blackenterprise.com/: HTTPConnectionPool(host='localhost', port=57104): Read timed out. (read timeout=120)
[2024-12-22 19:30:53] INFO: Accessed https://www.blackenterprise.com/, page title: The Premier Resource for Black Entrepreneurs and Career, Tech, and Money Content for Black People - Black Enterprise
[2024-12-22 19:31:10] INFO: Found 1 articles from https://www.blackenterprise.com/
[2024-12-22 19:31:10] INFO: Scraping articles from dynamic site: https://atlantablackstar.com/
[2024-12-22 19:31:14] INFO: Accessed https://atlantablackstar.com/, page title: Black News, Business, Politics, Culture & More
[2024-12-22 19:31:21] INFO: Found 0 articles from https://atlantablackstar.com/
[2024-12-22 19:31:21] INFO: Scraping articles from dynamic site: https://www.huffpost.com/voices/black-voices
[2024-12-22 19:33:21] ERROR: Attempt 1 failed for https://www.huffpost.com/voices/black-voices: HTTPConnectionPool(host='localhost', port=57104): Read timed out. (read timeout=120)
[2024-12-22 19:35:23] ERROR: Attempt 2 failed for https://www.huffpost.com/voices/black-voices: HTTPConnectionPool(host='localhost', port=57104): Read timed out. (read timeout=120)
[2024-12-22 19:37:26] ERROR: Attempt 3 failed for https://www.huffpost.com/voices/black-voices: HTTPConnectionPool(host='localhost', port=57104): Read timed out. (read timeout=120)
[2024-12-22 19:37:32] ERROR: Failed to scrape https://www.huffpost.com/voices/black-voices after 3 attempts
[2024-12-22 19:37:33] INFO: Scraping articles from dynamic site: https://newsone.com/
[2024-12-22 19:39:33] ERROR: Attempt 1 failed for https://newsone.com/: HTTPConnectionPool(host='localhost', port=57104): Read timed out. (read timeout=120)
[2024-12-22 19:41:38] ERROR: Attempt 2 failed for https://newsone.com/: HTTPConnectionPool(host='localhost', port=57104): Read timed out. (read timeout=120)
[2024-12-22 19:43:42] ERROR: Attempt 3 failed for https://newsone.com/: HTTPConnectionPool(host='localhost', port=57104): Read timed out. (read timeout=120)
[2024-12-22 19:43:46] ERROR: Failed to scrape https://newsone.com/ after 3 attempts
[2024-12-22 19:43:46] INFO: Scraping articles from dynamic site: https://blackgirlnerds.com/
[2024-12-22 19:45:46] ERROR: Attempt 1 failed for https://blackgirlnerds.com/: HTTPConnectionPool(host='localhost', port=57104): Read timed out. (read timeout=120)
[2024-12-22 19:47:49] ERROR: Attempt 2 failed for https://blackgirlnerds.com/: HTTPConnectionPool(host='localhost', port=57104): Read timed out. (read timeout=120)
[2024-12-22 19:49:52] ERROR: Attempt 3 failed for https://blackgirlnerds.com/: HTTPConnectionPool(host='localhost', port=57104): Read timed out. (read timeout=120)
[2024-12-22 19:49:56] ERROR: Failed to scrape https://blackgirlnerds.com/ after 3 attempts
[2024-12-22 19:49:56] INFO: Scraping articles from dynamic site: https://andscape.com/
[2024-12-22 19:51:56] ERROR: Attempt 1 failed for https://andscape.com/: HTTPConnectionPool(host='localhost', port=57104): Read timed out. (read timeout=120)
[2024-12-22 19:53:58] ERROR: Attempt 2 failed for https://andscape.com/: HTTPConnectionPool(host='localhost', port=57104): Read timed out. (read timeout=120)
[2024-12-22 19:56:02] ERROR: Attempt 3 failed for https://andscape.com/: HTTPConnectionPool(host='localhost', port=57104): Read timed out. (read timeout=120)
[2024-12-22 19:56:07] ERROR: Failed to scrape https://andscape.com/ after 3 attempts
[2024-12-22 19:56:07] INFO: Scraping articles from dynamic site: https://www.semafor.com/
[2024-12-22 19:58:07] ERROR: Attempt 1 failed for https://www.semafor.com/: HTTPConnectionPool(host='localhost', port=57104): Read timed out. (read timeout=120)
[2024-12-22 20:00:09] ERROR: Attempt 2 failed for https://www.semafor.com/: HTTPConnectionPool(host='localhost', port=57104): Read timed out. (read timeout=120)
[2024-12-22 20:02:11] ERROR: Attempt 3 failed for https://www.semafor.com/: HTTPConnectionPool(host='localhost', port=57104): Read timed out. (read timeout=120)
[2024-12-22 20:02:16] ERROR: Failed to scrape https://www.semafor.com/ after 3 attempts
[2024-12-22 20:02:16] INFO: Scraping articles from dynamic site: https://blavity.com/
[2024-12-22 20:04:16] ERROR: Attempt 1 failed for https://blavity.com/: HTTPConnectionPool(host='localhost', port=57104): Read timed out. (read timeout=120)
[2024-12-22 20:06:18] ERROR: Attempt 2 failed for https://blavity.com/: HTTPConnectionPool(host='localhost', port=57104): Read timed out. (read timeout=120)
[2024-12-22 20:08:20] ERROR: Attempt 3 failed for https://blavity.com/: HTTPConnectionPool(host='localhost', port=57104): Read timed out. (read timeout=120)
[2024-12-22 20:08:25] ERROR: Failed to scrape https://blavity.com/ after 3 attempts
[2024-12-22 20:08:25] INFO: Scraping articles from dynamic site: https://www.forbes.com/
[2024-12-22 20:10:26] ERROR: Attempt 1 failed for https://www.forbes.com/: HTTPConnectionPool(host='localhost', port=57104): Read timed out. (read timeout=120)
[2024-12-22 20:12:27] ERROR: Attempt 2 failed for https://www.forbes.com/: HTTPConnectionPool(host='localhost', port=57104): Read timed out. (read timeout=120)
[2024-12-22 20:14:30] ERROR: Attempt 3 failed for https://www.forbes.com/: HTTPConnectionPool(host='localhost', port=57104): Read timed out. (read timeout=120)
[2024-12-22 20:14:34] ERROR: Failed to scrape https://www.forbes.com/ after 3 attempts
[2024-12-22 20:14:34] INFO: Scraping articles from dynamic site: https://www.ft.com/
[2024-12-22 20:16:35] ERROR: Attempt 1 failed for https://www.ft.com/: HTTPConnectionPool(host='localhost', port=57104): Read timed out. (read timeout=120)
[2024-12-22 20:18:36] ERROR: Attempt 2 failed for https://www.ft.com/: HTTPConnectionPool(host='localhost', port=57104): Read timed out. (read timeout=120)
[2024-12-22 20:20:39] ERROR: Attempt 3 failed for https://www.ft.com/: HTTPConnectionPool(host='localhost', port=57104): Read timed out. (read timeout=120)
[2024-12-22 20:20:44] ERROR: Failed to scrape https://www.ft.com/ after 3 attempts
[2024-12-22 20:20:44] INFO: Scraping articles from dynamic site: https://www.nytimes.com/
[2024-12-22 20:22:44] ERROR: Attempt 1 failed for https://www.nytimes.com/: HTTPConnectionPool(host='localhost', port=57104): Read timed out. (read timeout=120)
[2024-12-22 20:24:46] ERROR: Attempt 2 failed for https://www.nytimes.com/: HTTPConnectionPool(host='localhost', port=57104): Read timed out. (read timeout=120)
[2024-12-22 20:26:52] ERROR: Attempt 3 failed for https://www.nytimes.com/: HTTPConnectionPool(host='localhost', port=57104): Read timed out. (read timeout=120)
[2024-12-22 20:26:56] ERROR: Failed to scrape https://www.nytimes.com/ after 3 attempts
[2024-12-22 20:26:56] INFO: Scraping articles from dynamic site: https://www.usatoday.com/
[2024-12-22 20:28:57] ERROR: Attempt 1 failed for https://www.usatoday.com/: HTTPConnectionPool(host='localhost', port=57104): Read timed out. (read timeout=120)
[2024-12-22 20:30:58] ERROR: Attempt 2 failed for https://www.usatoday.com/: HTTPConnectionPool(host='localhost', port=57104): Read timed out. (read timeout=120)
[2024-12-22 20:33:00] ERROR: Attempt 3 failed for https://www.usatoday.com/: HTTPConnectionPool(host='localhost', port=57104): Read timed out. (read timeout=120)
[2024-12-22 20:33:04] ERROR: Failed to scrape https://www.usatoday.com/ after 3 attempts
[2024-12-22 20:33:04] INFO: Scraping articles from dynamic site: https://www.ibm.com/us-en
[2024-12-22 20:35:04] ERROR: Attempt 1 failed for https://www.ibm.com/us-en: HTTPConnectionPool(host='localhost', port=57104): Read timed out. (read timeout=120)
[2024-12-22 20:37:06] ERROR: Attempt 2 failed for https://www.ibm.com/us-en: HTTPConnectionPool(host='localhost', port=57104): Read timed out. (read timeout=120)
[2024-12-22 20:39:08] ERROR: Attempt 3 failed for https://www.ibm.com/us-en: HTTPConnectionPool(host='localhost', port=57104): Read timed out. (read timeout=120)
[2024-12-22 20:39:13] ERROR: Failed to scrape https://www.ibm.com/us-en after 3 attempts
[2024-12-22 20:39:13] INFO: Scraping articles from dynamic site: https://myafricanmagazine.com/
[2024-12-22 20:41:15] ERROR: Attempt 1 failed for https://myafricanmagazine.com/: HTTPConnectionPool(host='localhost', port=57104): Read timed out. (read timeout=120)
[2024-12-22 20:43:17] ERROR: Attempt 2 failed for https://myafricanmagazine.com/: HTTPConnectionPool(host='localhost', port=57104): Read timed out. (read timeout=120)
[2024-12-22 20:45:19] ERROR: Attempt 3 failed for https://myafricanmagazine.com/: HTTPConnectionPool(host='localhost', port=57104): Read timed out. (read timeout=120)
[2024-12-22 20:45:23] ERROR: Failed to scrape https://myafricanmagazine.com/ after 3 attempts
[2024-12-22 20:45:23] INFO: Scraping articles from dynamic site: https://www.latimes.com/
[2024-12-22 20:47:23] ERROR: Attempt 1 failed for https://www.latimes.com/: HTTPConnectionPool(host='localhost', port=57104): Read timed out. (read timeout=120)
[2024-12-22 20:49:25] ERROR: Attempt 2 failed for https://www.latimes.com/: HTTPConnectionPool(host='localhost', port=57104): Read timed out. (read timeout=120)
[2024-12-22 20:51:29] ERROR: Attempt 3 failed for https://www.latimes.com/: HTTPConnectionPool(host='localhost', port=57104): Read timed out. (read timeout=120)
[2024-12-22 20:51:33] ERROR: Failed to scrape https://www.latimes.com/ after 3 attempts
[2024-12-22 20:51:33] INFO: Scraping articles from dynamic site: https://github.com/
